$GPRMC,022355.826,A,3902.084855,N,07701.000000,W,0.00,0.00,010180,,,A*7C
$GPGGA,184353.07,1929.045,S,02410.506,E,1,04,2.6,100.00,M,-33.9,M,,0000*6D
$GPGGA,022355.826,3902.084855,N,07701.000000,W,1,04,2.5,0.0,M,-33.8,M,,*5E
$GPGSA,A,3,01,02,03,04,05,06,07,08,09,10,11,12,2.5,2.5,1.0*3E
$GPGSV,4,1,13,01,00,000,00,02,00,000,00,03,00,000,00,04,00,000,00*7F
$IIHDM,0.0,M*36
$IIHDT,0.0,T*3E
$GPRMC,022356.826,A,3902.084855,N,07701.000000,W,0.00,0.00,010180,,,A*7B
$WIMWV,187.7,R,2.3,N,A*2B
$GPRMC,022355.826,A,3902.084855,S,13830.307694,E,1.8,205.5,220822,,,*34
$IIVHW,205.5,T,205.5,M,1.8,N,3.4,K*5B
$GPVTG,205.5,T,205.5,M,1.8,N,3.4,K*40
$IIHDT,205.5,T*20
$GPGLL,3902.084855,S,13830.307694,E,022355.826,A*2C
$GPGGA,022355.826,3902.084855,S,13830.307694,E,1,4,1.7,420.0,M,,,,*23
$GPGSA,A,3,8,11,15,22,,,,,,,,,1.5,1.7,4.5*0D
$GPZDA,022355.826,22,08,2022,03,00*50
!AIVDO,1,1,,A,17PaewhP0Bar1c9abPD81nKf0000,0*6E
!AIVDM,1,1,,A,17PaewhP0Bar1c9abPD81nKf0000,0*6C
$WIMWD,29.8,T,29.8,M,4.1,N,2.1,M*5C
$WIMWV,187.7,R,2.3,N,A*2B
$IIMTW,22.5,C*16
$SDDPT,63.5,0.3*64
$SDDBT,208.3,f,63.5,M,34.7,F*0F
$SDDBK,208.3,f,63.5,M,34.7,F*10
$SDDBS,208.3,f,63.5,M,34.7,F*08
!AIVDO,2,1,9,A,57Paewh00001<To7;?@plD5<Tl0000000000000U1@:552;2G2TnA3QF,0*44
!AIVDO,2,2,9,A,@00000000000002,2*5D
!AIVDM,2,1,9,A,57Paewh00001<To7;?@plD5<Tl0000000000000U1@:552;2G2TnA3QF,0*46
!AIVDM,2,2,9,A,@00000000000002,2*5F
$IIRPM,E,1,1223.9,10.5,A*59
$IIRPM,E,2,675.7,10.5,A*62
$IIRPM,E,3,0.0,10.5,A*6D