$GPRMC,145846.951,A,3859.939897,S,13830.022719,E,4.6,18.2,050922,,,*04
$IIVHW,18.2,T,18.2,M,4.6,N,8.6,K*59
$GPVTG,18.2,T,18.2,M,4.6,N,8.6,K*42
$IIHDT,18.2,T*19
$GPGLL,3859.939897,S,13830.022719,E,145846.951,A*2A
$GPGGA,145846.951,3859.939897,S,13830.022719,E,1,4,3.0,2.0,M,,,,*24
$GPGSA,A,3,8,11,15,22,,,,,,,,,1.1,3.0,1.7*0B
$GPZDA,145846.951,05,09,2022,03,00*5C
!AIVDO,1,1,,A,17PaewhP0far0B7acl6PePUL0000,0*1D
!AIVDM,1,1,,A,17PaewhP0far0B7acl6PePUL0000,0*1F
$WIMWD,267.9,T,267.9,M,3.7,N,1.9,M*56
$WIMWV,314.0,R,4.8,N,A*29
$IIMTW,6.8,C*2D
$SDDPT,10.7,0.3*62
$SDDBT,35.2,f,10.7,M,5.9,F*08
$SDDBK,35.2,f,10.7,M,5.9,F*17
$SDDBS,35.2,f,10.7,M,5.9,F*0F
!AIVDO,2,1,9,A,57Paewh00001<To7;?@plD5<Tl0000000000000U1@:552Bfr2TnA3QF,0*5C
!AIVDO,2,2,9,A,@00000000000002,2*5D
!AIVDM,2,1,9,A,57Paewh00001<To7;?@plD5<Tl0000000000000U1@:552Bfr2TnA3QF,0*5E
!AIVDM,2,2,9,A,@00000000000002,2*5F
$IIRPM,E,1,0,10.5,A*7C
$IIRPM,E,2,0,10.5,A*7F